2023-2-15 19:03-debug: =================================== Build Task (web-mobile) Start ================================
2023-2-15 19:03-debug: Start build task, options:{"name":"CnChess","platform":"web-mobile","buildPath":"project://build","debug":false,"md5Cache":false,"skipCompressTexture":false,"sourceMaps":false,"replaceSplashScreen":false,"mainBundleCompressionType":"merge_dep","mainBundleIsRemote":false,"mergeStartScene":false,"experimentalEraseModules":false,"compressTexture":true,"packAutoAtlas":true,"startScene":"b5fe3fbf-ad74-48d2-b926-a90e99060d99","scenes":[{"url":"db://assets/scenes/chess.scene","uuid":"e8d5225a-c106-4f42-8718-21eff8be2892","inBundle":false},{"url":"db://assets/scenes/scene.scene","uuid":"b5fe3fbf-ad74-48d2-b926-a90e99060d99","inBundle":false}],"outputName":"web-mobile","packages":{"web-mobile":{"orientation":"auto","polyfills":{"asyncFunctions":true}},"cocos-service":{"configID":"996b8c","services":[]}}}
2023-2-15 19:03-debug: // ---- cocos-service:(onBeforeBuild) ----
2023-2-15 19:03-debug: Build with Cocos Creator 3.5.0
2023-2-15 19:03-debug: Process: heapTotal 266.75MB heapUsed 232.89MB rss 290.12MB
2023-2-15 19:03-debug: cocos-service:(onBeforeBuild) start...0%
2023-2-15 19:03-debug: // ---- cocos-service:(onBeforeBuild) success ----
2023-2-15 19:03-debug: cocos-service:(onBeforeBuild)3%
2023-2-15 19:03-debug: Query all assets info in project
2023-2-15 19:03-debug: init custom config: keepNodeUuid: false, useCache: true
2023-2-15 19:03-debug: BuildAssetLibrary query-assets with assets 255
2023-2-15 19:03-debug:   Number of all scenes: 2
2023-2-15 19:03-debug: BuildAssetLibrary initialized with asset 397!
2023-2-15 19:03-debug:   Number of other assets: 477
2023-2-15 19:03-debug: web-mobile:(onAfterInit) start...3%
2023-2-15 19:03-debug: // ---- web-mobile:(onAfterInit) ----
2023-2-15 19:03-debug: // ---- web-mobile:(onAfterInit) success ----
2023-2-15 19:03-debug: web-mobile:(onAfterInit)5%
2023-2-15 19:03-debug: cocos-service:(onAfterInit) start...5%
2023-2-15 19:03-debug: // ---- cocos-service:(onAfterInit) ----
2023-2-15 19:03-debug: Process: heapTotal 267.22MB heapUsed 234.40MB rss 291.15MB
2023-2-15 19:03-debug: Process: heapTotal 267.22MB heapUsed 234.37MB rss 291.08MB
2023-2-15 19:03-debug:   Number of all scripts: 14
2023-2-15 19:03-debug: // ---- cocos-service:(onAfterInit) success ----
2023-2-15 19:03-debug: cocos-service:(onAfterInit)8%
2023-2-15 19:03-debug: Reload project scripts start8%
2023-2-15 19:03-debug: Process: heapTotal 267.22MB heapUsed 234.46MB rss 291.06MB
2023-2-15 19:03-log: // ---- Reload project scripts ----
2023-2-15 19:03-debug: reload all scripts.
2023-2-15 19:03-debug: Incremental keys: 
2023-2-15 19:03-debug: Set detail map pack:///resolution-detail-map.json: {}
2023-2-15 19:03-debug: Unregister Ma
2023-2-15 19:03-debug: Unregister Pao
2023-2-15 19:03-debug: Unregister Utils
2023-2-15 19:03-debug: Unregister Plate
2023-2-15 19:03-debug: Unregister Qipu
2023-2-15 19:03-debug: Unregister Shi
2023-2-15 19:03-debug: Unregister Ju
2023-2-15 19:03-debug: Unregister Jiang
2023-2-15 19:03-debug: Unregister Xiang
2023-2-15 19:03-debug: Unregister Bing
2023-2-15 19:03-debug: Unregister PointInRect
2023-2-15 19:03-debug: Unregister Hrdaya
2023-2-15 19:03-debug: Unregister Slice
2023-2-15 19:03-debug: Invalidating 'pack:///chunks/d2/d2a469b18dd3806af6b4b4f47a791d61efe03601.js'
2023-2-15 19:03-debug: Invalidating 'pack:///chunks/4e/4e9582e175286720aec7448158b7fa5b43d7d606.js'
2023-2-15 19:03-debug: Invalidating 'pack:///chunks/84/84741ad843cea9a440c5d8c2d379669b6551400d.js'
2023-2-15 19:03-debug: Invalidating 'pack:///chunks/06/06905a76530cf57ee019d9d8bcfb507c2d037fd3.js'
2023-2-15 19:03-debug: Invalidating 'pack:///chunks/2c/2cab44df79ebd371dd4877ad3304ec4828d3f8fe.js'
2023-2-15 19:03-debug: Invalidating 'pack:///chunks/84/84f1358d7aa3622e4b1d804a24aa00825871b8b1.js'
2023-2-15 19:03-debug: Invalidating 'pack:///chunks/f8/f89bed0d4f54b11a3b032e1e93616113be6dc445.js'
2023-2-15 19:03-debug: Invalidating 'pack:///chunks/53/538a9013c3d52676bf335fd5294ee01cc729b475.js'
2023-2-15 19:03-debug: Invalidating 'pack:///chunks/c8/c84be75fde5f96f5db2270114671e93424fbbe7d.js'
2023-2-15 19:03-debug: Invalidating 'pack:///chunks/5f/5f0383fba10b0d89fadf3bb1b46bd7e04bf4d15f.js'
2023-2-15 19:03-debug: Invalidating 'pack:///chunks/28/28661edf1c3a3cb11cd72f04d061c4fd1e65bfed.js'
2023-2-15 19:03-debug: Invalidating 'pack:///chunks/7b/7bbf885a32796c5726bf0f093f4564176fa59be7.js'
2023-2-15 19:03-debug: Invalidating 'pack:///chunks/c8/c84839adc9a048af7310eb838da36a83fc05270f.js'
2023-2-15 19:03-debug: Invalidating 'pack:///chunks/a2/a22641d2b65fcfd4e59952238800cf3a85b4bf6e.js'
2023-2-15 19:03-debug: Invalidating 'pack:///chunks/b7/b7838d9f1943ff97795de2a1704ad304f72dfaa5.js'
2023-2-15 19:03-debug: [[Executor]] Module "pack:///chunks/d2/d2a469b18dd3806af6b4b4f47a791d61efe03601.js" loaded.
2023-2-15 19:03-debug: [[Executor]] Module "pack:///chunks/84/84741ad843cea9a440c5d8c2d379669b6551400d.js" loaded.
2023-2-15 19:03-debug: [[Executor]] Module "pack:///chunks/06/06905a76530cf57ee019d9d8bcfb507c2d037fd3.js" loaded.
2023-2-15 19:03-debug: Invalidating 'pack:///chunks/98/98908dfa09cc260086bdc0796adeffb1dbedf4fd.js'
2023-2-15 19:03-debug: [[Executor]] Module "pack:///chunks/2c/2cab44df79ebd371dd4877ad3304ec4828d3f8fe.js" loaded.
2023-2-15 19:03-debug: [[Executor]] Register Bing
2023-2-15 19:03-debug: [[Executor]] Module "pack:///chunks/4e/4e9582e175286720aec7448158b7fa5b43d7d606.js" loaded.
2023-2-15 19:03-debug: [[Executor]] Register Jiang
2023-2-15 19:03-debug: [[Executor]] Module "pack:///chunks/84/84f1358d7aa3622e4b1d804a24aa00825871b8b1.js" loaded.
2023-2-15 19:03-debug: [[Executor]] Register Ju
2023-2-15 19:03-debug: [[Executor]] Module "pack:///chunks/f8/f89bed0d4f54b11a3b032e1e93616113be6dc445.js" loaded.
2023-2-15 19:03-debug: [[Executor]] Register Ma
2023-2-15 19:03-debug: [[Executor]] Module "pack:///chunks/53/538a9013c3d52676bf335fd5294ee01cc729b475.js" loaded.
2023-2-15 19:03-debug: [[Executor]] Register Pao
2023-2-15 19:03-debug: [[Executor]] Module "pack:///chunks/c8/c84be75fde5f96f5db2270114671e93424fbbe7d.js" loaded.
2023-2-15 19:03-debug: [[Executor]] Module "pack:///chunks/28/28661edf1c3a3cb11cd72f04d061c4fd1e65bfed.js" loaded.
2023-2-15 19:03-debug: [[Executor]] Register Utils
2023-2-15 19:03-debug: Invalidating 'pack:///chunks/ef/ef243a99e92acae414a213c6fb4fe59488f0fd4c.js'
2023-2-15 19:03-debug: [[Executor]] Module "pack:///chunks/5f/5f0383fba10b0d89fadf3bb1b46bd7e04bf4d15f.js" loaded.
2023-2-15 19:03-debug: [[Executor]] Register Qipu
2023-2-15 19:03-debug: [[Executor]] Module "pack:///chunks/98/98908dfa09cc260086bdc0796adeffb1dbedf4fd.js" loaded.
2023-2-15 19:03-debug: [[Executor]] Register Shi
2023-2-15 19:03-debug: [[Executor]] Module "pack:///chunks/7b/7bbf885a32796c5726bf0f093f4564176fa59be7.js" loaded.
2023-2-15 19:03-debug: [[Executor]] Register Xiang
2023-2-15 19:03-debug: [[Executor]] Module "pack:///chunks/ef/ef243a99e92acae414a213c6fb4fe59488f0fd4c.js" loaded.
2023-2-15 19:03-debug: [[Executor]] Register PointInRect
2023-2-15 19:03-debug: [[Executor]] Module "pack:///chunks/a2/a22641d2b65fcfd4e59952238800cf3a85b4bf6e.js" loaded.
2023-2-15 19:03-debug: [[Executor]] Register Hrdaya
2023-2-15 19:03-debug: [[Executor]] Module "pack:///chunks/c8/c84839adc9a048af7310eb838da36a83fc05270f.js" loaded.
2023-2-15 19:03-debug: [[Executor]] Register Slice
2023-2-15 19:03-debug: [[Executor]] Module "pack:///chunks/b7/b7838d9f1943ff97795de2a1704ad304f72dfaa5.js" loaded.
2023-2-15 19:03-debug: Reload project scripts √9%
2023-2-15 19:03-debug: [[Executor]] Register Plate
2023-2-15 19:03-debug: [[Executor]] Module "pack:///chunks/d2/d2a469b18dd3806af6b4b4f47a791d61efe03601.js" loaded.
2023-2-15 19:03-debug: Query asset bundle start9%
2023-2-15 19:03-log: // ---- Query asset bundle ----
2023-2-15 19:03-debug: Process: heapTotal 267.22MB heapUsed 235.53MB rss 291.09MB
2023-2-15 19:03-debug: Query asset bundle √10%
2023-2-15 19:03-debug: Query and organize assets start10%
2023-2-15 19:03-log: // ---- Query and organize assets ----
2023-2-15 19:03-debug: Process: heapTotal 267.22MB heapUsed 235.61MB rss 290.58MB
2023-2-15 19:03-debug: Query preload assets from cc.config.json: 
2023-2-15 19:03-debug: Number of scenes: 2
2023-2-15 19:03-debug: Number of assets: 80
2023-2-15 19:03-debug: Number of asset bundle: 2
2023-2-15 19:03-log: // ---- Organize scripts ----
2023-2-15 19:03-debug: Query and organize assets √11%
2023-2-15 19:03-debug: Organize scripts start11%
2023-2-15 19:03-debug: Process: heapTotal 259.75MB heapUsed 234.15MB rss 283.43MB
2023-2-15 19:03-debug: Organize scripts √13%
2023-2-15 19:03-debug: Organize texture compression tasks start13%
2023-2-15 19:03-log: // ---- Organize texture compression tasks ----
2023-2-15 19:03-debug: sort script group...
2023-2-15 19:03-debug: Process: heapTotal 259.75MB heapUsed 234.18MB rss 283.45MB
2023-2-15 19:03-debug: Number of image-compress task: 0
2023-2-15 19:03-debug: Organize texture compression tasks √14%
2023-2-15 19:03-log: // ---- builder.tasks.sort_json ----
2023-2-15 19:03-debug: Process: heapTotal 259.75MB heapUsed 233.65MB rss 282.85MB
2023-2-15 19:03-debug: Number of json group: 14
2023-2-15 19:03-debug: builder.tasks.sort_json √15%
2023-2-15 19:03-debug: Merging Texture2D json start15%
2023-2-15 19:03-debug: builder.tasks.sort_json does not defined in i18n
2023-2-15 19:03-debug: Process: heapTotal 259.75MB heapUsed 233.80MB rss 282.99MB
2023-2-15 19:03-log: // ---- Merging Texture2D json ----
2023-2-15 19:03-debug: builder.tasks.sort_json start14%
2023-2-15 19:03-debug:  start16%
2023-2-15 19:03-log: // ----  ----
2023-2-15 19:03-debug: Process: heapTotal 259.75MB heapUsed 233.83MB rss 283.04MB
2023-2-15 19:03-debug: // ---- web-mobile:(onBeforeBuildAssets) ----
2023-2-15 19:03-debug:  √18%
2023-2-15 19:03-debug: Process: heapTotal 259.75MB heapUsed 233.85MB rss 283.07MB
2023-2-15 19:03-debug: web-mobile:(onBeforeBuildAssets)20%
2023-2-15 19:03-debug: web-mobile:(onBeforeBuildAssets) start...18%
2023-2-15 19:03-debug:  start20%
2023-2-15 19:03-log: // ----  ----
2023-2-15 19:03-debug: Process: heapTotal 259.75MB heapUsed 233.89MB rss 283.10MB
2023-2-15 19:03-debug: Merging Texture2D json √16%
2023-2-15 19:03-debug: // ---- web-mobile:(onBeforeBuildAssets) success ----
2023-2-15 19:03-debug: Build script20%
2023-2-15 19:03-debug: Process: heapTotal 275.50MB heapUsed 248.64MB rss 303.35MB
2023-2-15 19:03-debug: Copy externalScripts success!
2023-2-15 19:03-debug: Build script√20%
2023-2-15 19:03-debug: Process: heapTotal 275.07MB heapUsed 252.08MB rss 305.01MB
2023-2-15 19:03-debug: Build engine20%
2023-2-15 19:03-debug: Use cache engine: {link(C:\Users\Administrator\AppData\Local\Temp\CocosCreator\3.5.0\builder\engine\ab20fa78e2b4e9e5a6b58ae6fdbbb07e)}
2023-2-15 19:03-debug: {"debug":false,"sourceMaps":false,"includeModules":["2d","3d","animation","audio","base","dragon-bones","gfx-webgl","gfx-webgl2","intersection-2d","marionette","particle","particle-2d","physics-2d-box2d","physics-ammo","primitive","profiler","skeletal-animation","spine","terrain","tiled-map","tween","ui","video","webview"],"engineVersion":"3.5.0","platform":"HTML5","md5Map":[],"engineName":"cocos-js","useCache":true,"split":false,"ammoJsWasm":"fallback","assetURLFormat":"runtime-resolved","entry":"E:\\CocosDashboard_1.1.1\\resources\\.editors\\Creator\\3.5.0\\resources\\resources\\3d\\engine"}
2023-2-15 19:03-debug: Build engine√20%
2023-2-15 19:03-log: // ---- Build auto-atlas ----
2023-2-15 19:03-debug: Process: heapTotal 259.57MB heapUsed 222.90MB rss 276.81MB
2023-2-15 19:03-debug: Build auto-atlas √33%
2023-2-15 19:03-debug: Build auto-atlas start27%
2023-2-15 19:03-debug: builder.tasks.build_img does not defined in i18n
2023-2-15 19:03-log: // ---- builder.tasks.build_img ----
2023-2-15 19:03-debug: Process: heapTotal 259.57MB heapUsed 222.93MB rss 276.81MB
2023-2-15 19:03-debug:  √27%
2023-2-15 19:03-debug: builder.tasks.build_img start33%
2023-2-15 19:03-debug: builder.tasks.build_img √40%
2023-2-15 19:03-debug: Process: heapTotal 259.57MB heapUsed 222.95MB rss 276.81MB
2023-2-15 19:03-debug: Copy the resource start40%
2023-2-15 19:03-log: // ---- Copy the resource ----
2023-2-15 19:03-debug: Asset Bundle(resources) handle assets: 60
2023-2-15 19:03-debug: Asset Bundle(main) handle assets: 22
2023-2-15 19:03-debug: builder.tasks.build_json does not defined in i18n
2023-2-15 19:03-debug: builder.tasks.build_json start47%
2023-2-15 19:03-log: // ---- builder.tasks.build_json ----
2023-2-15 19:03-debug: Process: heapTotal 262.57MB heapUsed 223.14MB rss 277.33MB
2023-2-15 19:03-debug: Copy the resource √47%
2023-2-15 19:03-debug: Json group(04f677c67) compile success，json number: 6
2023-2-15 19:03-debug: Json group(035339ec0) compile success，json number: 6
2023-2-15 19:03-debug: Json group(0637b48bb) compile success，json number: 6
2023-2-15 19:03-debug: builder.tasks.build_json √53%
2023-2-15 19:03-debug: Process: heapTotal 262.57MB heapUsed 223.77MB rss 279.73MB
2023-2-15 19:03-debug: Compress zip bundle √60%
2023-2-15 19:03-log: // ---- Compress zip bundle ----
2023-2-15 19:03-debug: Add md5 suffix to assets start60%
2023-2-15 19:03-debug: Process: heapTotal 262.57MB heapUsed 223.80MB rss 279.73MB
2023-2-15 19:03-debug: Compress zip bundle start53%
2023-2-15 19:03-log: // ---- Add md5 suffix to assets ----
2023-2-15 19:03-debug: Init settings and config start70%
2023-2-15 19:03-log: // ---- Init settings and config ----
2023-2-15 19:03-debug: Process: heapTotal 262.57MB heapUsed 223.82MB rss 279.73MB
2023-2-15 19:03-debug: Add md5 suffix to assets √70%
2023-2-15 19:03-debug: tasks.settings.macro does not defined in i18n
2023-2-15 19:03-log: // ---- tasks.settings.macro ----
2023-2-15 19:03-debug: Process: heapTotal 262.57MB heapUsed 223.85MB rss 279.73MB
2023-2-15 19:03-debug: Init settings and config √71%
2023-2-15 19:03-debug: tasks.settings.macro start71%
2023-2-15 19:03-debug: tasks.settings.macro √71%
2023-2-15 19:03-debug: Use cached settings start71%
2023-2-15 19:03-debug: Process: heapTotal 262.57MB heapUsed 223.91MB rss 279.73MB
2023-2-15 19:03-log: // ---- Use cached settings ----
2023-2-15 19:03-debug: Use cached settings √72%
2023-2-15 19:03-debug: custom joint texture layouts start72%
2023-2-15 19:03-log: // ---- custom joint texture layouts ----
2023-2-15 19:03-debug: Process: heapTotal 262.57MB heapUsed 223.97MB rss 279.73MB
2023-2-15 19:03-debug: custom joint texture layouts √72%
2023-2-15 19:03-debug: Process: heapTotal 262.57MB heapUsed 224.00MB rss 279.73MB
2023-2-15 19:03-debug: custom joint physics √73%
2023-2-15 19:03-log: // ---- custom joint physics ----
2023-2-15 19:03-debug: Fill script data to settings start73%
2023-2-15 19:03-debug: Process: heapTotal 262.57MB heapUsed 224.02MB rss 279.73MB
2023-2-15 19:03-debug: custom joint physics start72%
2023-2-15 19:03-debug: Fill script data to settings √73%
2023-2-15 19:03-log: // ---- Fill scene data to settings ----
2023-2-15 19:03-log: // ---- Fill script data to settings ----
2023-2-15 19:03-debug: Process: heapTotal 262.57MB heapUsed 224.04MB rss 279.73MB
2023-2-15 19:03-debug: Fill scene data to settings start73%
2023-2-15 19:03-debug: Organize assets groups，generate packedAssets and rawAssets data start74%
2023-2-15 19:03-log: // ---- Organize assets groups，generate packedAssets and rawAssets data ----
2023-2-15 19:03-debug: Process: heapTotal 262.57MB heapUsed 224.06MB rss 279.73MB
2023-2-15 19:03-warn: The loading url of asset({asset(db://assets/resources/texture/head.odg)}) and asset({asset(db://assets/resources/texture/head.pov)}) are the same texture/head, that will affect the correctness of loading resource in script.Please adjust the resource directory structure in time.If the resource is not loaded in the script, it can be ignored.
2023-2-15 19:03-warn: The loading url of asset({asset(db://assets/resources/texture/head.odg)}) and asset({asset(db://assets/resources/texture/head.xaml)}) are the same texture/head, that will affect the correctness of loading resource in script.Please adjust the resource directory structure in time.If the resource is not loaded in the script, it can be ignored.
2023-2-15 19:03-debug: Fill scene data to settings √74%
2023-2-15 19:03-warn: The loading url of asset({asset(db://assets/resources/texture/head.odg)}) and asset({asset(db://assets/resources/texture/head.svg)}) are the same texture/head, that will affect the correctness of loading resource in script.Please adjust the resource directory structure in time.If the resource is not loaded in the script, it can be ignored.
2023-2-15 19:03-log: // ---- Generate md5AssetsMap from suffixMap to settings ----
2023-2-15 19:03-debug: Organize assets groups，generate packedAssets and rawAssets data √74%
2023-2-15 19:03-debug: Generate md5AssetsMap from suffixMap to settings start74%
2023-2-15 19:03-debug: Process: heapTotal 262.57MB heapUsed 224.15MB rss 279.73MB
2023-2-15 19:03-debug: Generate md5AssetsMap from suffixMap to settings √75%
2023-2-15 19:03-debug: options.md5Cache is false.
2023-2-15 19:03-debug: web-mobile:(onBeforeCompressSettings) start...75%
2023-2-15 19:03-debug: Process: heapTotal 262.57MB heapUsed 224.18MB rss 279.74MB
2023-2-15 19:03-debug: // ---- web-mobile:(onBeforeCompressSettings) ----
2023-2-15 19:03-debug: // ---- web-mobile:(onBeforeCompressSettings) success ----
2023-2-15 19:03-debug: // ---- cocos-service:(onBeforeCompressSettings) ----
2023-2-15 19:03-debug: Process: heapTotal 262.57MB heapUsed 224.20MB rss 279.74MB
2023-2-15 19:03-debug: cocos-service:(onBeforeCompressSettings) start...77%
2023-2-15 19:03-debug: web-mobile:(onBeforeCompressSettings)77%
2023-2-15 19:03-debug: // ---- cocos-service:(onBeforeCompressSettings) success ----
2023-2-15 19:03-debug: cocos-service:(onBeforeCompressSettings)80%
2023-2-15 19:03-debug:  start80%
2023-2-15 19:03-debug: Process: heapTotal 262.57MB heapUsed 224.32MB rss 279.73MB
2023-2-15 19:03-log: // ----  ----
2023-2-15 19:03-debug: Compress settings.json and config.json start81%
2023-2-15 19:03-debug: Process: heapTotal 262.57MB heapUsed 224.36MB rss 279.73MB
2023-2-15 19:03-debug: Compress settings.json and config.json √82%
2023-2-15 19:03-log: // ---- Compress settings.json and config.json ----
2023-2-15 19:03-debug: Save config.json start82%
2023-2-15 19:03-log: // ---- Save config.json ----
2023-2-15 19:03-debug: Process: heapTotal 262.57MB heapUsed 224.44MB rss 279.73MB
2023-2-15 19:03-debug: Save config.json √83%
2023-2-15 19:03-debug: Save Settings.json start83%
2023-2-15 19:03-log: // ---- Save Settings.json ----
2023-2-15 19:03-debug: Process: heapTotal 262.57MB heapUsed 224.48MB rss 279.73MB
2023-2-15 19:03-debug: Sort build template start84%
2023-2-15 19:03-log: // ---- Sort build template ----
2023-2-15 19:03-debug:  √81%
2023-2-15 19:03-debug: Sort build template √85%
2023-2-15 19:03-debug: Process: heapTotal 262.57MB heapUsed 224.59MB rss 279.73MB
2023-2-15 19:03-debug: cocos-service:(onAfterCompressSettings) start...85%
2023-2-15 19:03-debug: // ---- cocos-service:(onAfterCompressSettings) ----
2023-2-15 19:03-debug: Process: heapTotal 262.57MB heapUsed 224.37MB rss 280.38MB
2023-2-15 19:03-debug: Save Settings.json √84%
2023-2-15 19:03-debug: // ---- cocos-service:(onAfterCompressSettings) success ----
2023-2-15 19:03-debug: cocos-service:(onAfterCompressSettings)87%
2023-2-15 19:03-debug: Process: heapTotal 262.57MB heapUsed 224.88MB rss 280.31MB
2023-2-15 19:03-debug: // ---- web-mobile:(onAfterBuild) success ----
2023-2-15 19:03-debug: // ---- web-mobile:(onAfterBuild) ----
2023-2-15 19:03-debug: cocos-service:(onAfterBuild) start...90%
2023-2-15 19:03-debug: // ---- cocos-service:(onAfterBuild) ----
2023-2-15 19:03-debug: Process: heapTotal 262.57MB heapUsed 225.20MB rss 280.41MB
2023-2-15 19:03-debug: web-mobile:(onAfterBuild)90%
2023-2-15 19:03-debug: web-mobile:(onAfterBuild) start...87%
2023-2-15 19:03-debug: // ---- cocos-service:(onAfterBuild) success ----
2023-2-15 19:03-debug: cocos-service:(onAfterBuild)93%
2023-2-15 19:03-debug: build success in 10169 ms!
2023-2-15 19:03-debug: =================================== Build Task (web-mobile) Start ================================
2023-2-15 19:03-debug: Start build task, options:{"name":"CnChess","platform":"web-mobile","buildPath":"project://build","debug":false,"md5Cache":false,"skipCompressTexture":false,"sourceMaps":false,"replaceSplashScreen":true,"mainBundleCompressionType":"merge_dep","mainBundleIsRemote":false,"mergeStartScene":false,"experimentalEraseModules":false,"compressTexture":true,"packAutoAtlas":true,"startScene":"b5fe3fbf-ad74-48d2-b926-a90e99060d99","scenes":[{"url":"db://assets/scenes/chess.scene","uuid":"e8d5225a-c106-4f42-8718-21eff8be2892","inBundle":false},{"url":"db://assets/scenes/scene.scene","uuid":"b5fe3fbf-ad74-48d2-b926-a90e99060d99","inBundle":false}],"outputName":"web-mobile","packages":{"web-mobile":{"orientation":"auto","polyfills":{"asyncFunctions":true}},"cocos-service":{"configID":"996b8c","services":[]}}}
2023-2-15 19:03-debug: cocos-service:(onBeforeBuild) start...0%
2023-2-15 19:03-debug: Build with Cocos Creator 3.5.0
2023-2-15 19:03-debug: Process: heapTotal 262.57MB heapUsed 225.35MB rss 280.42MB
2023-2-15 19:03-debug: // ---- cocos-service:(onBeforeBuild) ----
2023-2-15 19:03-debug: // ---- cocos-service:(onBeforeBuild) success ----
2023-2-15 19:03-debug: Query all assets info in project
2023-2-15 19:03-debug: cocos-service:(onBeforeBuild)3%
2023-2-15 19:03-debug: init custom config: keepNodeUuid: false, useCache: true
2023-2-15 19:03-debug: BuildAssetLibrary query-assets with assets 255
2023-2-15 19:03-debug: BuildAssetLibrary initialized with asset 397!
2023-2-15 19:03-debug:   Number of other assets: 477
2023-2-15 19:03-debug:   Number of all scripts: 14
2023-2-15 19:03-debug: // ---- web-mobile:(onAfterInit) ----
2023-2-15 19:03-debug: Process: heapTotal 260.29MB heapUsed 225.52MB rss 278.73MB
2023-2-15 19:03-debug: web-mobile:(onAfterInit) start...3%
2023-2-15 19:03-debug: // ---- web-mobile:(onAfterInit) success ----
2023-2-15 19:03-debug: cocos-service:(onAfterInit) start...5%
2023-2-15 19:03-debug: Process: heapTotal 260.04MB heapUsed 225.78MB rss 278.56MB
2023-2-15 19:03-debug: // ---- cocos-service:(onAfterInit) ----
2023-2-15 19:03-debug:   Number of all scenes: 2
2023-2-15 19:03-debug: web-mobile:(onAfterInit)5%
2023-2-15 19:03-debug: // ---- cocos-service:(onAfterInit) success ----
2023-2-15 19:03-log: // ---- Reload project scripts ----
2023-2-15 19:03-debug: Process: heapTotal 260.04MB heapUsed 225.84MB rss 278.59MB
2023-2-15 19:03-debug: cocos-service:(onAfterInit)8%
2023-2-15 19:03-debug: Reload project scripts start8%
2023-2-15 19:03-debug: reload all scripts.
2023-2-15 19:03-debug: Incremental keys: 
2023-2-15 19:03-debug: Set detail map pack:///resolution-detail-map.json: {}
2023-2-15 19:03-debug: Unregister Bing
2023-2-15 19:03-debug: Unregister Jiang
2023-2-15 19:03-debug: Unregister Pao
2023-2-15 19:03-debug: Unregister Ma
2023-2-15 19:03-debug: Unregister Utils
2023-2-15 19:03-debug: Unregister Qipu
2023-2-15 19:03-debug: Unregister Shi
2023-2-15 19:03-debug: Unregister Ju
2023-2-15 19:03-debug: Unregister Plate
2023-2-15 19:03-debug: Unregister Hrdaya
2023-2-15 19:03-debug: Unregister PointInRect
2023-2-15 19:03-debug: Unregister Slice
2023-2-15 19:03-debug: Unregister Xiang
2023-2-15 19:03-debug: Invalidating 'pack:///chunks/4e/4e9582e175286720aec7448158b7fa5b43d7d606.js'
2023-2-15 19:03-debug: Invalidating 'pack:///chunks/d2/d2a469b18dd3806af6b4b4f47a791d61efe03601.js'
2023-2-15 19:03-debug: Invalidating 'pack:///chunks/2c/2cab44df79ebd371dd4877ad3304ec4828d3f8fe.js'
2023-2-15 19:03-debug: Invalidating 'pack:///chunks/06/06905a76530cf57ee019d9d8bcfb507c2d037fd3.js'
2023-2-15 19:03-debug: Invalidating 'pack:///chunks/84/84f1358d7aa3622e4b1d804a24aa00825871b8b1.js'
2023-2-15 19:03-debug: Invalidating 'pack:///chunks/c8/c84be75fde5f96f5db2270114671e93424fbbe7d.js'
2023-2-15 19:03-debug: Invalidating 'pack:///chunks/84/84741ad843cea9a440c5d8c2d379669b6551400d.js'
2023-2-15 19:03-debug: Invalidating 'pack:///chunks/5f/5f0383fba10b0d89fadf3bb1b46bd7e04bf4d15f.js'
2023-2-15 19:03-debug: Invalidating 'pack:///chunks/f8/f89bed0d4f54b11a3b032e1e93616113be6dc445.js'
2023-2-15 19:03-debug: Invalidating 'pack:///chunks/28/28661edf1c3a3cb11cd72f04d061c4fd1e65bfed.js'
2023-2-15 19:03-debug: Invalidating 'pack:///chunks/98/98908dfa09cc260086bdc0796adeffb1dbedf4fd.js'
2023-2-15 19:03-debug: Invalidating 'pack:///chunks/53/538a9013c3d52676bf335fd5294ee01cc729b475.js'
2023-2-15 19:03-debug: Invalidating 'pack:///chunks/c8/c84839adc9a048af7310eb838da36a83fc05270f.js'
2023-2-15 19:03-debug: Invalidating 'pack:///chunks/a2/a22641d2b65fcfd4e59952238800cf3a85b4bf6e.js'
2023-2-15 19:03-debug: Invalidating 'pack:///chunks/b7/b7838d9f1943ff97795de2a1704ad304f72dfaa5.js'
2023-2-15 19:03-debug: [[Executor]] Module "pack:///chunks/d2/d2a469b18dd3806af6b4b4f47a791d61efe03601.js" loaded.
2023-2-15 19:03-debug: [[Executor]] Module "pack:///chunks/84/84741ad843cea9a440c5d8c2d379669b6551400d.js" loaded.
2023-2-15 19:03-debug: [[Executor]] Module "pack:///chunks/06/06905a76530cf57ee019d9d8bcfb507c2d037fd3.js" loaded.
2023-2-15 19:03-debug: Invalidating 'pack:///chunks/7b/7bbf885a32796c5726bf0f093f4564176fa59be7.js'
2023-2-15 19:03-debug: [[Executor]] Register Bing
2023-2-15 19:03-debug: [[Executor]] Module "pack:///chunks/2c/2cab44df79ebd371dd4877ad3304ec4828d3f8fe.js" loaded.
2023-2-15 19:03-debug: [[Executor]] Register Jiang
2023-2-15 19:03-debug: [[Executor]] Module "pack:///chunks/84/84f1358d7aa3622e4b1d804a24aa00825871b8b1.js" loaded.
2023-2-15 19:03-debug: [[Executor]] Module "pack:///chunks/4e/4e9582e175286720aec7448158b7fa5b43d7d606.js" loaded.
2023-2-15 19:03-debug: Invalidating 'pack:///chunks/ef/ef243a99e92acae414a213c6fb4fe59488f0fd4c.js'
2023-2-15 19:03-debug: [[Executor]] Module "pack:///chunks/f8/f89bed0d4f54b11a3b032e1e93616113be6dc445.js" loaded.
2023-2-15 19:03-debug: [[Executor]] Register Pao
2023-2-15 19:03-debug: [[Executor]] Module "pack:///chunks/53/538a9013c3d52676bf335fd5294ee01cc729b475.js" loaded.
2023-2-15 19:03-debug: [[Executor]] Module "pack:///chunks/c8/c84be75fde5f96f5db2270114671e93424fbbe7d.js" loaded.
2023-2-15 19:03-debug: [[Executor]] Register Utils
2023-2-15 19:03-debug: [[Executor]] Module "pack:///chunks/28/28661edf1c3a3cb11cd72f04d061c4fd1e65bfed.js" loaded.
2023-2-15 19:03-debug: [[Executor]] Register Plate
2023-2-15 19:03-debug: [[Executor]] Module "pack:///chunks/5f/5f0383fba10b0d89fadf3bb1b46bd7e04bf4d15f.js" loaded.
2023-2-15 19:03-debug: [[Executor]] Module "pack:///chunks/98/98908dfa09cc260086bdc0796adeffb1dbedf4fd.js" loaded.
2023-2-15 19:03-debug: [[Executor]] Register Shi
2023-2-15 19:03-debug: [[Executor]] Module "pack:///chunks/7b/7bbf885a32796c5726bf0f093f4564176fa59be7.js" loaded.
2023-2-15 19:03-debug: [[Executor]] Register Xiang
2023-2-15 19:03-debug: [[Executor]] Module "pack:///chunks/ef/ef243a99e92acae414a213c6fb4fe59488f0fd4c.js" loaded.
2023-2-15 19:03-debug: [[Executor]] Register PointInRect
2023-2-15 19:03-debug: [[Executor]] Module "pack:///chunks/a2/a22641d2b65fcfd4e59952238800cf3a85b4bf6e.js" loaded.
2023-2-15 19:03-debug: [[Executor]] Register Hrdaya
2023-2-15 19:03-debug: [[Executor]] Module "pack:///chunks/c8/c84839adc9a048af7310eb838da36a83fc05270f.js" loaded.
2023-2-15 19:03-debug: [[Executor]] Register Slice
2023-2-15 19:03-debug: [[Executor]] Module "pack:///chunks/b7/b7838d9f1943ff97795de2a1704ad304f72dfaa5.js" loaded.
2023-2-15 19:03-debug: [[Executor]] Module "pack:///chunks/d2/d2a469b18dd3806af6b4b4f47a791d61efe03601.js" loaded.
2023-2-15 19:03-debug: [[Executor]] Register Qipu
2023-2-15 19:03-debug: Reload project scripts √9%
2023-2-15 19:03-debug: Query asset bundle start9%
2023-2-15 19:03-log: // ---- Query asset bundle ----
2023-2-15 19:03-debug: Process: heapTotal 260.04MB heapUsed 226.27MB rss 278.86MB
2023-2-15 19:03-debug: [[Executor]] Register Ma
2023-2-15 19:03-debug: [[Executor]] Register Ju
2023-2-15 19:03-debug: Query asset bundle √10%
2023-2-15 19:03-debug: Query and organize assets start10%
2023-2-15 19:03-log: // ---- Query and organize assets ----
2023-2-15 19:03-debug: Process: heapTotal 260.04MB heapUsed 226.35MB rss 278.92MB
2023-2-15 19:03-debug: Query preload assets from cc.config.json: 
2023-2-15 19:03-debug: Number of scenes: 2
2023-2-15 19:03-debug: Number of assets: 80
2023-2-15 19:03-debug: Number of asset bundle: 2
2023-2-15 19:03-debug: Query and organize assets √11%
2023-2-15 19:03-debug: Organize scripts start11%
2023-2-15 19:03-debug: Process: heapTotal 260.04MB heapUsed 226.32MB rss 278.43MB
2023-2-15 19:03-log: // ---- Organize scripts ----
2023-2-15 19:03-debug: Organize scripts √13%
2023-2-15 19:03-debug: Organize texture compression tasks start13%
2023-2-15 19:03-log: // ---- Organize texture compression tasks ----
2023-2-15 19:03-debug: sort script group...
2023-2-15 19:03-debug: Process: heapTotal 260.04MB heapUsed 226.35MB rss 278.46MB
2023-2-15 19:03-debug: Number of image-compress task: 0
2023-2-15 19:03-debug: Organize texture compression tasks √14%
2023-2-15 19:03-log: // ---- builder.tasks.sort_json ----
2023-2-15 19:03-debug: builder.tasks.sort_json does not defined in i18n
2023-2-15 19:03-debug: Process: heapTotal 260.04MB heapUsed 226.48MB rss 278.60MB
2023-2-15 19:03-debug: builder.tasks.sort_json start14%
2023-2-15 19:03-debug: builder.tasks.sort_json √15%
2023-2-15 19:03-debug: Merging Texture2D json start15%
2023-2-15 19:03-debug: Process: heapTotal 260.04MB heapUsed 226.62MB rss 278.75MB
2023-2-15 19:03-debug: Number of json group: 14
2023-2-15 19:03-debug:  start16%
2023-2-15 19:03-log: // ---- Merging Texture2D json ----
2023-2-15 19:03-debug: Process: heapTotal 260.04MB heapUsed 226.65MB rss 278.80MB
2023-2-15 19:03-debug:  √18%
2023-2-15 19:03-debug: web-mobile:(onBeforeBuildAssets) start...18%
2023-2-15 19:03-debug: // ---- web-mobile:(onBeforeBuildAssets) ----
2023-2-15 19:03-log: // ----  ----
2023-2-15 19:03-debug: Process: heapTotal 260.04MB heapUsed 225.86MB rss 277.92MB
2023-2-15 19:03-debug: // ---- web-mobile:(onBeforeBuildAssets) success ----
2023-2-15 19:03-log: // ----  ----
2023-2-15 19:03-debug: Merging Texture2D json √16%
2023-2-15 19:03-debug: web-mobile:(onBeforeBuildAssets)20%
2023-2-15 19:03-debug:  start20%
2023-2-15 19:03-debug: Process: heapTotal 260.04MB heapUsed 225.89MB rss 277.95MB
2023-2-15 19:03-debug: Build script20%
2023-2-15 19:03-debug: Process: heapTotal 276.54MB heapUsed 238.79MB rss 299.43MB
2023-2-15 19:03-debug: Copy externalScripts success!
2023-2-15 19:03-debug: Build script√20%
2023-2-15 19:03-debug: Process: heapTotal 257.32MB heapUsed 230.52MB rss 280.41MB
2023-2-15 19:03-debug: Build engine20%
2023-2-15 19:03-debug: Use cache engine: {link(C:\Users\Administrator\AppData\Local\Temp\CocosCreator\3.5.0\builder\engine\ab20fa78e2b4e9e5a6b58ae6fdbbb07e)}
2023-2-15 19:03-debug: {"debug":false,"sourceMaps":false,"includeModules":["2d","3d","animation","audio","base","dragon-bones","gfx-webgl","gfx-webgl2","intersection-2d","marionette","particle","particle-2d","physics-2d-box2d","physics-ammo","primitive","profiler","skeletal-animation","spine","terrain","tiled-map","tween","ui","video","webview"],"engineVersion":"3.5.0","platform":"HTML5","md5Map":[],"engineName":"cocos-js","useCache":true,"split":false,"ammoJsWasm":"fallback","assetURLFormat":"runtime-resolved","entry":"E:\\CocosDashboard_1.1.1\\resources\\.editors\\Creator\\3.5.0\\resources\\resources\\3d\\engine"}
2023-2-15 19:03-debug: Build engine√20%
2023-2-15 19:03-debug: Build auto-atlas start27%
2023-2-15 19:03-log: // ---- Build auto-atlas ----
2023-2-15 19:03-debug: Build auto-atlas √33%
2023-2-15 19:03-debug: builder.tasks.build_img does not defined in i18n
2023-2-15 19:03-debug: Process: heapTotal 260.32MB heapUsed 231.42MB rss 282.82MB
2023-2-15 19:03-log: // ---- builder.tasks.build_img ----
2023-2-15 19:03-debug:  √27%
2023-2-15 19:03-debug: builder.tasks.build_img start33%
2023-2-15 19:03-debug: builder.tasks.build_img √40%
2023-2-15 19:03-debug: Process: heapTotal 260.32MB heapUsed 231.45MB rss 282.85MB
2023-2-15 19:03-log: // ---- Copy the resource ----
2023-2-15 19:03-debug: Process: heapTotal 260.32MB heapUsed 231.47MB rss 282.87MB
2023-2-15 19:03-debug: Copy the resource start40%
2023-2-15 19:03-debug: Asset Bundle(resources) handle assets: 60
2023-2-15 19:03-debug: Asset Bundle(main) handle assets: 22
2023-2-15 19:03-debug: builder.tasks.build_json does not defined in i18n
2023-2-15 19:03-log: // ---- builder.tasks.build_json ----
2023-2-15 19:03-debug: builder.tasks.build_json start47%
2023-2-15 19:03-debug: Process: heapTotal 260.32MB heapUsed 231.56MB rss 283.28MB
2023-2-15 19:03-debug: Copy the resource √47%
2023-2-15 19:03-debug: Json group(04f677c67) compile success，json number: 6
2023-2-15 19:03-debug: Json group(035339ec0) compile success，json number: 6
2023-2-15 19:03-debug: Json group(0637b48bb) compile success，json number: 6
2023-2-15 19:03-debug: builder.tasks.build_json √53%
2023-2-15 19:03-debug: Process: heapTotal 264.75MB heapUsed 233.40MB rss 284.48MB
2023-2-15 19:03-debug: Compress zip bundle √60%
2023-2-15 19:03-log: // ---- Compress zip bundle ----
2023-2-15 19:03-debug: Add md5 suffix to assets start60%
2023-2-15 19:03-log: // ---- Add md5 suffix to assets ----
2023-2-15 19:03-debug: Process: heapTotal 264.75MB heapUsed 233.43MB rss 284.48MB
2023-2-15 19:03-debug: Init settings and config start70%
2023-2-15 19:03-debug: Compress zip bundle start53%
2023-2-15 19:03-debug: Add md5 suffix to assets √70%
2023-2-15 19:03-log: // ---- Init settings and config ----
2023-2-15 19:03-debug: Process: heapTotal 264.75MB heapUsed 233.45MB rss 284.48MB
2023-2-15 19:03-debug: tasks.settings.macro start71%
2023-2-15 19:03-debug: Init settings and config √71%
2023-2-15 19:03-debug: tasks.settings.macro does not defined in i18n
2023-2-15 19:03-log: // ---- tasks.settings.macro ----
2023-2-15 19:03-debug: Process: heapTotal 264.75MB heapUsed 233.48MB rss 284.49MB
2023-2-15 19:03-debug: tasks.settings.macro √71%
2023-2-15 19:03-debug: Use cached settings start71%
2023-2-15 19:03-debug: Process: heapTotal 264.75MB heapUsed 233.54MB rss 284.49MB
2023-2-15 19:03-log: // ---- Use cached settings ----
2023-2-15 19:03-debug: Use cached settings √72%
2023-2-15 19:03-debug: custom joint texture layouts start72%
2023-2-15 19:03-log: // ---- custom joint texture layouts ----
2023-2-15 19:03-debug: Process: heapTotal 264.75MB heapUsed 233.59MB rss 284.50MB
2023-2-15 19:03-debug: custom joint texture layouts √72%
2023-2-15 19:03-debug: Process: heapTotal 264.75MB heapUsed 233.62MB rss 284.54MB
2023-2-15 19:03-debug: custom joint physics √73%
2023-2-15 19:03-debug: custom joint physics start72%
2023-2-15 19:03-debug: Fill script data to settings start73%
2023-2-15 19:03-log: // ---- Fill script data to settings ----
2023-2-15 19:03-debug: Process: heapTotal 264.75MB heapUsed 233.64MB rss 284.55MB
2023-2-15 19:03-log: // ---- custom joint physics ----
2023-2-15 19:03-debug: Fill scene data to settings start73%
2023-2-15 19:03-debug: Fill script data to settings √73%
2023-2-15 19:03-debug: Process: heapTotal 264.75MB heapUsed 233.66MB rss 284.57MB
2023-2-15 19:03-debug: Organize assets groups，generate packedAssets and rawAssets data start74%
2023-2-15 19:03-log: // ---- Organize assets groups，generate packedAssets and rawAssets data ----
2023-2-15 19:03-debug: Fill scene data to settings √74%
2023-2-15 19:03-debug: Process: heapTotal 264.75MB heapUsed 233.68MB rss 284.59MB
2023-2-15 19:03-warn: The loading url of asset({asset(db://assets/resources/texture/head.odg)}) and asset({asset(db://assets/resources/texture/head.svg)}) are the same texture/head, that will affect the correctness of loading resource in script.Please adjust the resource directory structure in time.If the resource is not loaded in the script, it can be ignored.
2023-2-15 19:03-log: // ---- Fill scene data to settings ----
2023-2-15 19:03-warn: The loading url of asset({asset(db://assets/resources/texture/head.odg)}) and asset({asset(db://assets/resources/texture/head.xaml)}) are the same texture/head, that will affect the correctness of loading resource in script.Please adjust the resource directory structure in time.If the resource is not loaded in the script, it can be ignored.
2023-2-15 19:03-warn: The loading url of asset({asset(db://assets/resources/texture/head.odg)}) and asset({asset(db://assets/resources/texture/head.pov)}) are the same texture/head, that will affect the correctness of loading resource in script.Please adjust the resource directory structure in time.If the resource is not loaded in the script, it can be ignored.
2023-2-15 19:03-debug: Organize assets groups，generate packedAssets and rawAssets data √74%
2023-2-15 19:03-debug: Generate md5AssetsMap from suffixMap to settings start74%
2023-2-15 19:03-log: // ---- Generate md5AssetsMap from suffixMap to settings ----
2023-2-15 19:03-debug: Generate md5AssetsMap from suffixMap to settings √75%
2023-2-15 19:03-debug: Process: heapTotal 264.75MB heapUsed 233.76MB rss 284.67MB
2023-2-15 19:03-debug: // ---- web-mobile:(onBeforeCompressSettings) ----
2023-2-15 19:03-debug: options.md5Cache is false.
2023-2-15 19:03-debug: Process: heapTotal 264.75MB heapUsed 233.79MB rss 284.70MB
2023-2-15 19:03-debug: web-mobile:(onBeforeCompressSettings)77%
2023-2-15 19:03-debug: web-mobile:(onBeforeCompressSettings) start...75%
2023-2-15 19:03-debug: // ---- cocos-service:(onBeforeCompressSettings) ----
2023-2-15 19:03-debug: // ---- web-mobile:(onBeforeCompressSettings) success ----
2023-2-15 19:03-debug: Process: heapTotal 264.75MB heapUsed 233.82MB rss 284.73MB
2023-2-15 19:03-debug: cocos-service:(onBeforeCompressSettings) start...77%
2023-2-15 19:03-debug: // ---- cocos-service:(onBeforeCompressSettings) success ----
2023-2-15 19:03-debug: cocos-service:(onBeforeCompressSettings)80%
2023-2-15 19:03-debug: Process: heapTotal 264.75MB heapUsed 233.94MB rss 284.84MB
2023-2-15 19:03-debug:  start80%
2023-2-15 19:03-log: // ----  ----
2023-2-15 19:03-debug:  √81%
2023-2-15 19:03-debug: Compress settings.json and config.json start81%
2023-2-15 19:03-log: // ---- Compress settings.json and config.json ----
2023-2-15 19:03-debug: Process: heapTotal 264.75MB heapUsed 233.98MB rss 284.88MB
2023-2-15 19:03-debug: Save config.json start82%
2023-2-15 19:03-debug: Process: heapTotal 264.75MB heapUsed 234.06MB rss 284.96MB
2023-2-15 19:03-log: // ---- Save config.json ----
2023-2-15 19:03-debug: Compress settings.json and config.json √82%
2023-2-15 19:03-debug: Save config.json √83%
2023-2-15 19:03-debug: Process: heapTotal 264.75MB heapUsed 234.10MB rss 285.00MB
2023-2-15 19:03-debug: Sort build template start84%
2023-2-15 19:03-debug: Save Settings.json √84%
2023-2-15 19:03-log: // ---- Sort build template ----
2023-2-15 19:03-debug: Process: heapTotal 264.75MB heapUsed 234.17MB rss 285.09MB
2023-2-15 19:03-log: // ---- Save Settings.json ----
2023-2-15 19:03-debug: cocos-service:(onAfterCompressSettings) start...85%
2023-2-15 19:03-debug: // ---- cocos-service:(onAfterCompressSettings) ----
2023-2-15 19:03-debug: Sort build template √85%
2023-2-15 19:03-debug: Save Settings.json start83%
2023-2-15 19:03-debug: Process: heapTotal 264.75MB heapUsed 235.71MB rss 288.25MB
2023-2-15 19:03-debug: // ---- cocos-service:(onAfterCompressSettings) success ----
2023-2-15 19:03-debug: web-mobile:(onAfterBuild) start...87%
2023-2-15 19:03-debug: // ---- web-mobile:(onAfterBuild) ----
2023-2-15 19:03-debug: cocos-service:(onAfterCompressSettings)87%
2023-2-15 19:03-debug: // ---- web-mobile:(onAfterBuild) success ----
2023-2-15 19:03-debug: web-mobile:(onAfterBuild)90%
2023-2-15 19:03-debug: cocos-service:(onAfterBuild) start...90%
2023-2-15 19:03-debug: // ---- cocos-service:(onAfterBuild) ----
2023-2-15 19:03-debug: Process: heapTotal 264.75MB heapUsed 233.48MB rss 288.32MB
2023-2-15 19:03-debug: Process: heapTotal 264.75MB heapUsed 235.42MB rss 289.38MB
2023-2-15 19:03-debug: // ---- cocos-service:(onAfterBuild) success ----
2023-2-15 19:03-debug: cocos-service:(onAfterBuild)93%
2023-2-15 19:03-debug: build success in 9949 ms!
